# JRE version: OpenJDK Runtime Environment Temurin-21.0.6+7 (21.0.6+7) (build 21.0.6+7-LTS)
# Java VM: OpenJDK 64-Bit Server VM Temurin-21.0.6+7 (21.0.6+7-LTS, mixed mode, sharing, tiered, compressed oops, compressed class ptrs, parallel gc, bsd-amd64)
Heap:
 PSYoungGen      total 24064K, used 24057K [0x00000007eab00000, 0x00000007ec880000, 0x0000000800000000)
  eden space 22016K, 100% used [0x00000007eab00000,0x00000007ec080000,0x00000007ec080000)
  from space 2048K, 99% used [0x00000007ec180000,0x00000007ec37e5a0,0x00000007ec380000)
  to   space 4096K, 0% used [0x00000007ec480000,0x00000007ec480000,0x00000007ec880000)
 ParOldGen       total 68608K, used 24408K [0x00000007c0000000, 0x00000007c4300000, 0x00000007eab00000)
  object space 68608K, 35% used [0x00000007c0000000,0x00000007c17d6050,0x00000007c4300000)
 Metaspace       used 45709K, committed 46848K, reserved 1114112K
  class space    used 4830K, committed 5312K, reserved 1048576K
GC Heap History (20 events):
Event: 22.222 GC heap before
{Heap before GC invocations=9 (full 1):
 PSYoungGen      total 29184K, used 24576K [0x00000007eab00000, 0x00000007ecc00000, 0x0000000800000000)
  eden space 24576K, 100% used [0x00000007eab00000,0x00000007ec300000,0x00000007ec300000)
  from space 4608K, 0% used [0x00000007ec380000,0x00000007ec380000,0x00000007ec800000)
  to   space 4096K, 0% used [0x00000007ec800000,0x00000007ec800000,0x00000007ecc00000)
 ParOldGen       total 68608K, used 13586K [0x00000007c0000000, 0x00000007c4300000, 0x00000007eab00000)
  object space 68608K, 19% used [0x00000007c0000000,0x00000007c0d44ab8,0x00000007c4300000)
 Metaspace       used 22924K, committed 23808K, reserved 1114112K
  class space    used 2299K, committed 2688K, reserved 1048576K
}
Event: 22.235 GC heap after
{Heap after GC invocations=9 (full 1):
 PSYoungGen      total 24576K, used 288K [0x00000007eab00000, 0x00000007ec880000, 0x0000000800000000)
  eden space 24064K, 0% used [0x00000007eab00000,0x00000007eab00000,0x00000007ec280000)
  from space 512K, 56% used [0x00000007ec800000,0x00000007ec848000,0x00000007ec880000)
  to   space 2048K, 0% used [0x00000007ec480000,0x00000007ec480000,0x00000007ec680000)
 ParOldGen       total 68608K, used 13594K [0x00000007c0000000, 0x00000007c4300000, 0x00000007eab00000)
  object space 68608K, 19% used [0x00000007c0000000,0x00000007c0d46ab8,0x00000007c4300000)
 Metaspace       used 22924K, committed 23808K, reserved 1114112K
  class space    used 2299K, committed 2688K, reserved 1048576K
}
Event: 23.138 GC heap before
{Heap before GC invocations=10 (full 1):
 PSYoungGen      total 24576K, used 24352K [0x00000007eab00000, 0x00000007ec880000, 0x0000000800000000)
  eden space 24064K, 100% used [0x00000007eab00000,0x00000007ec280000,0x00000007ec280000)
  from space 512K, 56% used [0x00000007ec800000,0x00000007ec848000,0x00000007ec880000)
  to   space 2048K, 0% used [0x00000007ec480000,0x00000007ec480000,0x00000007ec680000)
 ParOldGen       total 68608K, used 13594K [0x00000007c0000000, 0x00000007c4300000, 0x00000007eab00000)
  object space 68608K, 19% used [0x00000007c0000000,0x00000007c0d46ab8,0x00000007c4300000)
 Metaspace       used 26718K, committed 27648K, reserved 1114112K
  class space    used 2688K, committed 3072K, reserved 1048576K
}
Event: 23.151 GC heap after
{Heap after GC invocations=10 (full 1):
 PSYoungGen      total 25600K, used 608K [0x00000007eab00000, 0x00000007ec880000, 0x0000000800000000)
  eden space 23552K, 0% used [0x00000007eab00000,0x00000007eab00000,0x00000007ec200000)
  from space 2048K, 29% used [0x00000007ec480000,0x00000007ec518000,0x00000007ec680000)
  to   space 1024K, 0% used [0x00000007ec780000,0x00000007ec780000,0x00000007ec880000)
 ParOldGen       total 68608K, used 13594K [0x00000007c0000000, 0x00000007c4300000, 0x00000007eab00000)
  object space 68608K, 19% used [0x00000007c0000000,0x00000007c0d46ab8,0x00000007c4300000)
 Metaspace       used 26718K, committed 27648K, reserved 1114112K
  class space    used 2688K, committed 3072K, reserved 1048576K
}
Event: 23.785 GC heap before
{Heap before GC invocations=11 (full 1):
 PSYoungGen      total 25600K, used 24160K [0x00000007eab00000, 0x00000007ec880000, 0x0000000800000000)
  eden space 23552K, 100% used [0x00000007eab00000,0x00000007ec200000,0x00000007ec200000)
  from space 2048K, 29% used [0x00000007ec480000,0x00000007ec518000,0x00000007ec680000)
  to   space 1024K, 0% used [0x00000007ec780000,0x00000007ec780000,0x00000007ec880000)
 ParOldGen       total 68608K, used 13594K [0x00000007c0000000, 0x00000007c4300000, 0x00000007eab00000)
  object space 68608K, 19% used [0x00000007c0000000,0x00000007c0d46ab8,0x00000007c4300000)
 Metaspace       used 28454K, committed 29376K, reserved 1114112K
  class space    used 2839K, committed 3200K, reserved 1048576K
}
Event: 23.797 GC heap after
{Heap after GC invocations=11 (full 1):
 PSYoungGen      total 24064K, used 955K [0x00000007eab00000, 0x00000007ec880000, 0x0000000800000000)
  eden space 23040K, 0% used [0x00000007eab00000,0x00000007eab00000,0x00000007ec180000)
  from space 1024K, 93% used [0x00000007ec780000,0x00000007ec86ef00,0x00000007ec880000)
  to   space 1536K, 0% used [0x00000007ec580000,0x00000007ec580000,0x00000007ec700000)
 ParOldGen       total 68608K, used 15349K [0x00000007c0000000, 0x00000007c4300000, 0x00000007eab00000)
  object space 68608K, 22% used [0x00000007c0000000,0x00000007c0efd4d8,0x00000007c4300000)
 Metaspace       used 28454K, committed 29376K, reserved 1114112K
  class space    used 2839K, committed 3200K, reserved 1048576K
}
Event: 24.647 GC heap before
{Heap before GC invocations=12 (full 1):
 PSYoungGen      total 24064K, used 23995K [0x00000007eab00000, 0x00000007ec880000, 0x0000000800000000)
  eden space 23040K, 100% used [0x00000007eab00000,0x00000007ec180000,0x00000007ec180000)
  from space 1024K, 93% used [0x00000007ec780000,0x00000007ec86ef00,0x00000007ec880000)
  to   space 1536K, 0% used [0x00000007ec580000,0x00000007ec580000,0x00000007ec700000)
 ParOldGen       total 68608K, used 15349K [0x00000007c0000000, 0x00000007c4300000, 0x00000007eab00000)
  object space 68608K, 22% used [0x00000007c0000000,0x00000007c0efd4d8,0x00000007c4300000)
 Metaspace       used 30048K, committed 30976K, reserved 1114112K
  class space    used 3000K, committed 3392K, reserved 1048576K
}
Event: 24.666 GC heap after
{Heap after GC invocations=12 (full 1):
 PSYoungGen      total 24064K, used 736K [0x00000007eab00000, 0x00000007ec800000, 0x0000000800000000)
  eden space 22528K, 0% used [0x00000007eab00000,0x00000007eab00000,0x00000007ec100000)
  from space 1536K, 47% used [0x00000007ec580000,0x00000007ec638000,0x00000007ec700000)
  to   space 1024K, 0% used [0x00000007ec700000,0x00000007ec700000,0x00000007ec800000)
 ParOldGen       total 68608K, used 15997K [0x00000007c0000000, 0x00000007c4300000, 0x00000007eab00000)
  object space 68608K, 23% used [0x00000007c0000000,0x00000007c0f9f580,0x00000007c4300000)
 Metaspace       used 30048K, committed 30976K, reserved 1114112K
  class space    used 3000K, committed 3392K, reserved 1048576K
}
Event: 26.003 GC heap before
{Heap before GC invocations=13 (full 1):
 PSYoungGen      total 24064K, used 23264K [0x00000007eab00000, 0x00000007ec800000, 0x0000000800000000)
  eden space 22528K, 100% used [0x00000007eab00000,0x00000007ec100000,0x00000007ec100000)
  from space 1536K, 47% used [0x00000007ec580000,0x00000007ec638000,0x00000007ec700000)
  to   space 1024K, 0% used [0x00000007ec700000,0x00000007ec700000,0x00000007ec800000)
 ParOldGen       total 68608K, used 15997K [0x00000007c0000000, 0x00000007c4300000, 0x00000007eab00000)
  object space 68608K, 23% used [0x00000007c0000000,0x00000007c0f9f580,0x00000007c4300000)
 Metaspace       used 32694K, committed 33664K, reserved 1114112K
  class space    used 3298K, committed 3648K, reserved 1048576K
}
Event: 26.017 GC heap after
{Heap after GC invocations=13 (full 1):
 PSYoungGen      total 23040K, used 1018K [0x00000007eab00000, 0x00000007ec800000, 0x0000000800000000)
  eden space 22016K, 0% used [0x00000007eab00000,0x00000007eab00000,0x00000007ec080000)
  from space 1024K, 99% used [0x00000007ec700000,0x00000007ec7feb28,0x00000007ec800000)
  to   space 2048K, 0% used [0x00000007ec400000,0x00000007ec400000,0x00000007ec600000)
 ParOldGen       total 68608K, used 16722K [0x00000007c0000000, 0x00000007c4300000, 0x00000007eab00000)
  object space 68608K, 24% used [0x00000007c0000000,0x00000007c1054918,0x00000007c4300000)
 Metaspace       used 32694K, committed 33664K, reserved 1114112K
  class space    used 3298K, committed 3648K, reserved 1048576K
}
Event: 26.871 GC heap before
{Heap before GC invocations=14 (full 1):
 PSYoungGen      total 23040K, used 17461K [0x00000007eab00000, 0x00000007ec800000, 0x0000000800000000)
  eden space 22016K, 74% used [0x00000007eab00000,0x00000007ebb0e940,0x00000007ec080000)
  from space 1024K, 99% used [0x00000007ec700000,0x00000007ec7feb28,0x00000007ec800000)
  to   space 2048K, 0% used [0x00000007ec400000,0x00000007ec400000,0x00000007ec600000)
 ParOldGen       total 68608K, used 16722K [0x00000007c0000000, 0x00000007c4300000, 0x00000007eab00000)
  object space 68608K, 24% used [0x00000007c0000000,0x00000007c1054918,0x00000007c4300000)
 Metaspace       used 34852K, committed 35840K, reserved 1114112K
  class space    used 3556K, committed 3968K, reserved 1048576K
}
Event: 26.874 GC heap after
{Heap after GC invocations=14 (full 1):
 PSYoungGen      total 24064K, used 1389K [0x00000007eab00000, 0x00000007ec780000, 0x0000000800000000)
  eden space 22016K, 0% used [0x00000007eab00000,0x00000007eab00000,0x00000007ec080000)
  from space 2048K, 67% used [0x00000007ec400000,0x00000007ec55b7b0,0x00000007ec600000)
  to   space 1536K, 0% used [0x00000007ec600000,0x00000007ec600000,0x00000007ec780000)
 ParOldGen       total 68608K, used 17645K [0x00000007c0000000, 0x00000007c4300000, 0x00000007eab00000)
  object space 68608K, 25% used [0x00000007c0000000,0x00000007c113b770,0x00000007c4300000)
 Metaspace       used 34852K, committed 35840K, reserved 1114112K
  class space    used 3556K, committed 3968K, reserved 1048576K
}
Event: 26.874 GC heap before
{Heap before GC invocations=15 (full 2):
 PSYoungGen      total 24064K, used 1389K [0x00000007eab00000, 0x00000007ec780000, 0x0000000800000000)
  eden space 22016K, 0% used [0x00000007eab00000,0x00000007eab00000,0x00000007ec080000)
  from space 2048K, 67% used [0x00000007ec400000,0x00000007ec55b7b0,0x00000007ec600000)
  to   space 1536K, 0% used [0x00000007ec600000,0x00000007ec600000,0x00000007ec780000)
 ParOldGen       total 68608K, used 17645K [0x00000007c0000000, 0x00000007c4300000, 0x00000007eab00000)
  object space 68608K, 25% used [0x00000007c0000000,0x00000007c113b770,0x00000007c4300000)
 Metaspace       used 34852K, committed 35840K, reserved 1114112K
  class space    used 3556K, committed 3968K, reserved 1048576K
}
Event: 26.959 GC heap after
{Heap after GC invocations=15 (full 2):
 PSYoungGen      total 24064K, used 0K [0x00000007eab00000, 0x00000007ec780000, 0x0000000800000000)
  eden space 22016K, 0% used [0x00000007eab00000,0x00000007eab00000,0x00000007ec080000)
  from space 2048K, 0% used [0x00000007ec400000,0x00000007ec400000,0x00000007ec600000)
  to   space 1536K, 0% used [0x00000007ec600000,0x00000007ec600000,0x00000007ec780000)
 ParOldGen       total 68608K, used 18357K [0x00000007c0000000, 0x00000007c4300000, 0x00000007eab00000)
  object space 68608K, 26% used [0x00000007c0000000,0x00000007c11ed708,0x00000007c4300000)
 Metaspace       used 34852K, committed 35840K, reserved 1114112K
  class space    used 3556K, committed 3968K, reserved 1048576K
}
Event: 27.666 GC heap before
{Heap before GC invocations=16 (full 2):
 PSYoungGen      total 24064K, used 22016K [0x00000007eab00000, 0x00000007ec780000, 0x0000000800000000)
  eden space 22016K, 100% used [0x00000007eab00000,0x00000007ec080000,0x00000007ec080000)
  from space 2048K, 0% used [0x00000007ec400000,0x00000007ec400000,0x00000007ec600000)
  to   space 1536K, 0% used [0x00000007ec600000,0x00000007ec600000,0x00000007ec780000)
 ParOldGen       total 68608K, used 18357K [0x00000007c0000000, 0x00000007c4300000, 0x00000007eab00000)
  object space 68608K, 26% used [0x00000007c0000000,0x00000007c11ed708,0x00000007c4300000)
 Metaspace       used 37376K, committed 38464K, reserved 1114112K
  class space    used 3838K, committed 4288K, reserved 1048576K
}
Event: 27.681 GC heap after
{Heap after GC invocations=16 (full 2):
 PSYoungGen      total 23552K, used 1508K [0x00000007eab00000, 0x00000007ec880000, 0x0000000800000000)
  eden space 22016K, 0% used [0x00000007eab00000,0x00000007eab00000,0x00000007ec080000)
  from space 1536K, 98% used [0x00000007ec600000,0x00000007ec779350,0x00000007ec780000)
  to   space 4096K, 0% used [0x00000007ec080000,0x00000007ec080000,0x00000007ec480000)
 ParOldGen       total 68608K, used 20162K [0x00000007c0000000, 0x00000007c4300000, 0x00000007eab00000)
  object space 68608K, 29% used [0x00000007c0000000,0x00000007c13b0be0,0x00000007c4300000)
 Metaspace       used 37376K, committed 38464K, reserved 1114112K
  class space    used 3838K, committed 4288K, reserved 1048576K
}
Event: 28.517 GC heap before
{Heap before GC invocations=17 (full 2):
 PSYoungGen      total 23552K, used 23519K [0x00000007eab00000, 0x00000007ec880000, 0x0000000800000000)
  eden space 22016K, 99% used [0x00000007eab00000,0x00000007ec07e900,0x00000007ec080000)
  from space 1536K, 98% used [0x00000007ec600000,0x00000007ec779350,0x00000007ec780000)
  to   space 4096K, 0% used [0x00000007ec080000,0x00000007ec080000,0x00000007ec480000)
 ParOldGen       total 68608K, used 20190K [0x00000007c0000000, 0x00000007c4300000, 0x00000007eab00000)
  object space 68608K, 29% used [0x00000007c0000000,0x00000007c13b78f8,0x00000007c4300000)
 Metaspace       used 40054K, committed 41152K, reserved 1114112K
  class space    used 4175K, committed 4608K, reserved 1048576K
}
Event: 28.534 GC heap after
{Heap after GC invocations=17 (full 2):
 PSYoungGen      total 24064K, used 1755K [0x00000007eab00000, 0x00000007ec680000, 0x0000000800000000)
  eden space 22016K, 0% used [0x00000007eab00000,0x00000007eab00000,0x00000007ec080000)
  from space 2048K, 85% used [0x00000007ec080000,0x00000007ec236d18,0x00000007ec280000)
  to   space 2560K, 0% used [0x00000007ec400000,0x00000007ec400000,0x00000007ec680000)
 ParOldGen       total 68608K, used 21433K [0x00000007c0000000, 0x00000007c4300000, 0x00000007eab00000)
  object space 68608K, 31% used [0x00000007c0000000,0x00000007c14ee748,0x00000007c4300000)
 Metaspace       used 40054K, committed 41152K, reserved 1114112K
  class space    used 4175K, committed 4608K, reserved 1048576K
}
Event: 29.094 GC heap before
{Heap before GC invocations=18 (full 2):
 PSYoungGen      total 24064K, used 23771K [0x00000007eab00000, 0x00000007ec680000, 0x0000000800000000)
  eden space 22016K, 100% used [0x00000007eab00000,0x00000007ec080000,0x00000007ec080000)
  from space 2048K, 85% used [0x00000007ec080000,0x00000007ec236d18,0x00000007ec280000)
  to   space 2560K, 0% used [0x00000007ec400000,0x00000007ec400000,0x00000007ec680000)
 ParOldGen       total 68608K, used 21460K [0x00000007c0000000, 0x00000007c4300000, 0x00000007eab00000)
  object space 68608K, 31% used [0x00000007c0000000,0x00000007c14f5338,0x00000007c4300000)
 Metaspace       used 42575K, committed 43712K, reserved 1114112K
  class space    used 4464K, committed 4928K, reserved 1048576K
}
Event: 29.112 GC heap after
{Heap after GC invocations=18 (full 2):
 PSYoungGen      total 23552K, used 1445K [0x00000007eab00000, 0x00000007ec580000, 0x0000000800000000)
  eden space 22016K, 0% used [0x00000007eab00000,0x00000007eab00000,0x00000007ec080000)
  from space 1536K, 94% used [0x00000007ec400000,0x00000007ec569490,0x00000007ec580000)
  to   space 2048K, 0% used [0x00000007ec180000,0x00000007ec180000,0x00000007ec380000)
 ParOldGen       total 68608K, used 23064K [0x00000007c0000000, 0x00000007c4300000, 0x00000007eab00000)
  object space 68608K, 33% used [0x00000007c0000000,0x00000007c1686210,0x00000007c4300000)
 Metaspace       used 42575K, committed 43712K, reserved 1114112K
  class space    used 4464K, committed 4928K, reserved 1048576K
}

